<html xmlns:math="http://exslt.org/math" xmlns:testng="http://testng.org">
   <head>
      <title>TestNG Results</title>
      <meta http-equiv="content-type" content="text/html; charset=utf-8"></meta>
      <meta http-equiv="pragma" content="no-cache"></meta>
      <meta http-equiv="cache-control" content="max-age=0"></meta>
      <meta http-equiv="cache-control" content="no-cache"></meta>
      <meta http-equiv="cache-control" content="no-store"></meta>
      <LINK rel="stylesheet" href="style.css"></LINK>
      <script type="text/javascript" src="main.js"></script>
   </head>
   <body>
      <table width="100%" style="font-size: 16px; margin-bottom: 10px;" cellspacing="1">
         <tr>
            <td width="100%">
               Test case
               
               <b>header Test</b>
            </td>
            <td style="background-color: #FFBBBB; padding: 3px 3px 3px 0;" align="center">
               <div style="width: 50px;">1</div>
            </td>
            <td style="background-color: lightgreen; padding: 3px 3px 3px 0;" align="center">
               <div style="width: 50px;">0</div>
            </td>
            <td style="background-color: #FFFFBB; padding: 3px 3px 3px 0;" align="center">
               <div style="width: 50px;">0</div>
            </td>
            <td align="center" style="background-color: #eaf0f7; padding: 3px 3px 3px 0;">
               <div style="width: 50px;">1</div>
            </td>
            <td align="center"
                style="font-weight: bold; background-color: #eaf0f7; padding: 3px 3px 3px 0;">
               <div style="width: 50px;">0%</div>
            </td>
            <td style="background-color: #eaf0f7; padding: 3px 3px 3px 0;" align="center"
                nowrap="true">54s
               
            </td>
         </tr>
      </table>
      <div style="width: 200px;">
         <label for="groupMethodsCheckBox" style="font-weight: bold; margin: 0;">
            <input id="groupMethodsCheckBox" type="checkbox" onclick="switchTestMethodsView(this)"></input>
            Group by class
            
         </label>
         <br></br>
         <label for="methodsFilter_ALL" style="font-weight: bold; margin: 0;">
            <input id="methodsFilter_ALL" type="checkbox"
                   onclick="testMethodsFilterChanged(this, 'ALL')"></input>
            All
            
         </label>
      </div>
      <label for="methodsFilter_FAIL" style="margin-left: 20px;">
         <input id="methodsFilter_FAIL" type="checkbox"
                onclick="testMethodsFilterChanged(this, 'FAIL')"
                checked=""></input>
         Failed
         
      </label>
      <label for="methodsFilter_PASS">
         <input id="methodsFilter_PASS" type="checkbox"
                onclick="testMethodsFilterChanged(this, 'PASS')"
                checked=""></input>
         Passed
         
      </label>
      <label for="methodsFilter_SKIP">
         <input id="methodsFilter_SKIP" type="checkbox"
                onclick="testMethodsFilterChanged(this, 'SKIP')"
                checked=""></input>
         Skipped
         
      </label>
      <label for="methodsFilter_CONF">
         <input id="methodsFilter_CONF" type="checkbox"
                onclick="testMethodsFilterChanged(this, 'CONF')"></input>
         Config
         
      </label>
      <br></br>
      <div id="testMethodsByStatus">
         <table class="testMethodsTable" cellpadding="0" cellspacing="0">
            <tr class="methodsTableHeader">
               <td width="100%">Name</td>
               <td nowrap="true">Started</td>
               <td nowrap="true">Duration</td>
               <td>Exception</td>
            </tr>
            <tr id="tests.header_test_byStatus_failed_FAIL1_row" class="testMethodStatusFAIL">
               <td width="100%" class="firstMethodCell">
                  <a onclick="toggleDetailsVisibility('tests.header_test_byStatus_failed_FAIL1_details')">test()</a>
               </td>
               <td nowrap="true">18:27:26</td>
               <td nowrap="true" align="right">54s
                  
               </td>
               <td nowrap="true">
                  <a onclick="toggleDetailsVisibility('tests.header_test_byStatus_failed_FAIL1_exception')">org.openqa.selenium.WebDriverException: 
                     Failed to connect to binary FirefoxBinary(C:\Program Files (x86)\Mozilla Firefox\firefox.exe) on port 7055; process output
                     follows: 
                     p-system-local
                     1411131451137	addons.xpi	DEBUG	Skipping unavailable install location app-system-share
                     1411131451139	addons.xpi	INFO	Mapping {972ce4c6-7e08-4474-a285-3208198ce6fd} to C:\Program Files (x86)\Mozilla Firefox\browser\extensions\{972ce4c6-7e08-4474-a285-3208198ce6fd}
                     1411131451141	addons.xpi	INFO	Mapping fxdriver@googlecode.com to C:\Users\Nexii\AppData\Local\Temp\anonymous6930574533453344365webdriver-profile\extensions\fxdriver@googlecode.com
                     1411131451141	addons.xpi	DEBUG	Ignoring file entry whose name is not a valid add-on ID: C:\Users\Nexii\AppData\Local\Temp\anonymous6930574533453344365webdriver-profile\extensions\webdriver-staging
                     1411131451142	addons.xpi	DEBUG	checkForChanges
                     1411131451165	addons.xpi	DEBUG	Directory state JSON differs: cache [] state [{"name":"app-global","addons":{"{972ce4c6-7e08-4474-a285-3208198ce6fd}":{"descriptor":"C:\\Program
                     Files (x86)\\Mozilla Firefox\\browser\\extensions\\{972ce4c6-7e08-4474-a285-3208198ce6fd}","mtime":1410848404648,"rdfTime":1410848404071}}},{"name":"app-profile","addons":{"fxdriver@googlecode.com":{"descriptor":"C:\\Users\\Nexii\\AppData\\Local\\Temp\\anonymous6930574533453344365webdriver-profile\\extensions\\fxdriver@googlecode.com","mtime":1411131449780,"rdfTime":1411131449386}}}]
                     1411131451182	addons.xpi-utils	DEBUG	Opening XPI database C:\Users\Nexii\AppData\Local\Temp\anonymous6930574533453344365webdriver-profile\extensions.json
                     1411131451185	addons.xpi	DEBUG	New add-on fxdriver@googlecode.com installed in app-profile
                     *** Blocklist::_loadBlocklistFromFile: blocklist is disabled
                     1411131451400	addons.xpi-utils	DEBUG	Make addon app-profile:fxdriver@googlecode.com visible
                     1411131451405	DeferredSave.extensions.json	DEBUG	Save changes
                     1411131451406	DeferredSave.extensions.json	DEBUG	Save changes
                     1411131451407	addons.xpi	DEBUG	New add-on {972ce4c6-7e08-4474-a285-3208198ce6fd} installed in app-global
                     1411131451414	addons.xpi-utils	DEBUG	Make addon app-global:{972ce4c6-7e08-4474-a285-3208198ce6fd} visible
                     1411131451414	DeferredSave.extensions.json	DEBUG	Save changes
                     1411131451414	DeferredSave.extensions.json	DEBUG	Save changes
                     1411131451434	addons.xpi	DEBUG	Updating database with changes to installed add-ons
                     1411131451434	addons.xpi-utils	DEBUG	Updating add-on states
                     1411131451436	addons.xpi-utils	DEBUG	Writing add-ons list
                     1411131453942	DeferredSave.extensions.json	DEBUG	Starting timer
                     1411131453985	DeferredSave.extensions.json	DEBUG	Starting write
                     1411131454120	addons.manager	DEBUG	shutdown
                     1411131454128	addons.xpi	DEBUG	shutdown
                     1411131454129	addons.xpi-utils	DEBUG	shutdown
                     1411131454318	DeferredSave.extensions.json	DEBUG	Write succeeded
                     1411131454319	addons.xpi-utils	DEBUG	XPI Database saved, setting schema version preference to 16
                     1411131454320	addons.xpi	DEBUG	Notifying XPI shutdown observers
                     1411131454334	addons.manager	DEBUG	Async provider shutdown done
                     1411131455079	addons.manager	DEBUG	Loaded provider scope for resource://gre/modules/addons/XPIProvider.jsm: ["XPIProvider"]
                     1411131455087	addons.manager	DEBUG	Loaded provider scope for resource://gre/modules/LightweightThemeManager.jsm: ["LightweightThemeManager"]
                     1411131455098	addons.xpi	DEBUG	startup
                     1411131455101	addons.xpi	DEBUG	Skipping unavailable install location app-system-local
                     1411131455102	addons.xpi	DEBUG	Skipping unavailable install location app-system-share
                     1411131455104	addons.xpi	INFO	Mapping {972ce4c6-7e08-4474-a285-3208198ce6fd} to C:\Program Files (x86)\Mozilla Firefox\browser\extensions\{972ce4c6-7e08-4474-a285-3208198ce6fd}
                     1411131455107	addons.xpi	INFO	Mapping fxdriver@googlecode.com to C:\Users\Nexii\AppData\Local\Temp\anonymous6930574533453344365webdriver-profile\extensions\fxdriver@googlecode.com
                     1411131455108	addons.xpi	DEBUG	Ignoring file entry whose name is not a valid add-on ID: C:\Users\Nexii\AppData\Local\Temp\anonymous6930574533453344365webdriver-profile\extensions\webdriver-staging
                     1411131455108	addons.xpi	DEBUG	checkForChanges
                     1411131455142	addons.xpi	DEBUG	No changes found
                     *** Blocklist::_preloadBlocklistFile: blocklist is disabled
                     
                     Build info: version: '2.42.2', revision: '6a6995d', time: '2014-06-03 17:42:03'
                     System info: host: 'TRAINING04', ip: '192.168.1.24', os.name: 'Windows 7', os.arch: 'x86', os.version: '6.1', java.version:
                     '1.7.0_55'
                     Driver info: driver.version: FirefoxDriver
                     
                  </a>
                   
                  
               </td>
            </tr>
            <tr>
               <td colspan="4" class="detailsBox">
                  <div id="tests.header_test_byStatus_failed_FAIL1_details" class="testMethodDetails">
                     <div>
                        <b>Name: </b>test
                     </div>
                     <div>
                        <b>Signature: </b>test()[pri:0, instance:tests.header@153b098]
                     </div>
                     <div>
                        <b>Start time: </b>18:27:26
                     </div>
                     <div>
                        <b>End time: </b>18:28:20
                     </div>
                     <div>
                        <b>Duration: </b>54s
                        
                     </div>
                  </div>
               </td>
            </tr>
            <tr>
               <td colspan="4" class="detailsBox">
                  <div id="tests.header_test_byStatus_failed_FAIL1_exception"
                       class="testMethodDetails">
                     <pre style="padding: 5px; margin: 0;">org.openqa.selenium.WebDriverException: Failed to connect to binary FirefoxBinary(C:\Program Files (x86)\Mozilla Firefox\firefox.exe)
                        on port 7055; process output follows: 
                        p-system-local
                        1411131451137	addons.xpi	DEBUG	Skipping unavailable install location app-system-share
                        1411131451139	addons.xpi	INFO	Mapping {972ce4c6-7e08-4474-a285-3208198ce6fd} to C:\Program Files (x86)\Mozilla Firefox\browser\extensions\{972ce4c6-7e08-4474-a285-3208198ce6fd}
                        1411131451141	addons.xpi	INFO	Mapping fxdriver@googlecode.com to C:\Users\Nexii\AppData\Local\Temp\anonymous6930574533453344365webdriver-profile\extensions\fxdriver@googlecode.com
                        1411131451141	addons.xpi	DEBUG	Ignoring file entry whose name is not a valid add-on ID: C:\Users\Nexii\AppData\Local\Temp\anonymous6930574533453344365webdriver-profile\extensions\webdriver-staging
                        1411131451142	addons.xpi	DEBUG	checkForChanges
                        1411131451165	addons.xpi	DEBUG	Directory state JSON differs: cache [] state [{"name":"app-global","addons":{"{972ce4c6-7e08-4474-a285-3208198ce6fd}":{"descriptor":"C:\\Program
                        Files (x86)\\Mozilla Firefox\\browser\\extensions\\{972ce4c6-7e08-4474-a285-3208198ce6fd}","mtime":1410848404648,"rdfTime":1410848404071}}},{"name":"app-profile","addons":{"fxdriver@googlecode.com":{"descriptor":"C:\\Users\\Nexii\\AppData\\Local\\Temp\\anonymous6930574533453344365webdriver-profile\\extensions\\fxdriver@googlecode.com","mtime":1411131449780,"rdfTime":1411131449386}}}]
                        1411131451182	addons.xpi-utils	DEBUG	Opening XPI database C:\Users\Nexii\AppData\Local\Temp\anonymous6930574533453344365webdriver-profile\extensions.json
                        1411131451185	addons.xpi	DEBUG	New add-on fxdriver@googlecode.com installed in app-profile
                        *** Blocklist::_loadBlocklistFromFile: blocklist is disabled
                        1411131451400	addons.xpi-utils	DEBUG	Make addon app-profile:fxdriver@googlecode.com visible
                        1411131451405	DeferredSave.extensions.json	DEBUG	Save changes
                        1411131451406	DeferredSave.extensions.json	DEBUG	Save changes
                        1411131451407	addons.xpi	DEBUG	New add-on {972ce4c6-7e08-4474-a285-3208198ce6fd} installed in app-global
                        1411131451414	addons.xpi-utils	DEBUG	Make addon app-global:{972ce4c6-7e08-4474-a285-3208198ce6fd} visible
                        1411131451414	DeferredSave.extensions.json	DEBUG	Save changes
                        1411131451414	DeferredSave.extensions.json	DEBUG	Save changes
                        1411131451434	addons.xpi	DEBUG	Updating database with changes to installed add-ons
                        1411131451434	addons.xpi-utils	DEBUG	Updating add-on states
                        1411131451436	addons.xpi-utils	DEBUG	Writing add-ons list
                        1411131453942	DeferredSave.extensions.json	DEBUG	Starting timer
                        1411131453985	DeferredSave.extensions.json	DEBUG	Starting write
                        1411131454120	addons.manager	DEBUG	shutdown
                        1411131454128	addons.xpi	DEBUG	shutdown
                        1411131454129	addons.xpi-utils	DEBUG	shutdown
                        1411131454318	DeferredSave.extensions.json	DEBUG	Write succeeded
                        1411131454319	addons.xpi-utils	DEBUG	XPI Database saved, setting schema version preference to 16
                        1411131454320	addons.xpi	DEBUG	Notifying XPI shutdown observers
                        1411131454334	addons.manager	DEBUG	Async provider shutdown done
                        1411131455079	addons.manager	DEBUG	Loaded provider scope for resource://gre/modules/addons/XPIProvider.jsm: ["XPIProvider"]
                        1411131455087	addons.manager	DEBUG	Loaded provider scope for resource://gre/modules/LightweightThemeManager.jsm: ["LightweightThemeManager"]
                        1411131455098	addons.xpi	DEBUG	startup
                        1411131455101	addons.xpi	DEBUG	Skipping unavailable install location app-system-local
                        1411131455102	addons.xpi	DEBUG	Skipping unavailable install location app-system-share
                        1411131455104	addons.xpi	INFO	Mapping {972ce4c6-7e08-4474-a285-3208198ce6fd} to C:\Program Files (x86)\Mozilla Firefox\browser\extensions\{972ce4c6-7e08-4474-a285-3208198ce6fd}
                        1411131455107	addons.xpi	INFO	Mapping fxdriver@googlecode.com to C:\Users\Nexii\AppData\Local\Temp\anonymous6930574533453344365webdriver-profile\extensions\fxdriver@googlecode.com
                        1411131455108	addons.xpi	DEBUG	Ignoring file entry whose name is not a valid add-on ID: C:\Users\Nexii\AppData\Local\Temp\anonymous6930574533453344365webdriver-profile\extensions\webdriver-staging
                        1411131455108	addons.xpi	DEBUG	checkForChanges
                        1411131455142	addons.xpi	DEBUG	No changes found
                        *** Blocklist::_preloadBlocklistFile: blocklist is disabled
                        
                        Build info: version: '2.42.2', revision: '6a6995d', time: '2014-06-03 17:42:03'
                        System info: host: 'TRAINING04', ip: '192.168.1.24', os.name: 'Windows 7', os.arch: 'x86', os.version: '6.1', java.version:
                        '1.7.0_55'
                        Driver info: driver.version: FirefoxDriver
                        	at org.openqa.selenium.firefox.internal.NewProfileExtensionConnection.start(NewProfileExtensionConnection.java:130)
                        	at org.openqa.selenium.firefox.FirefoxDriver.startClient(FirefoxDriver.java:246)
                        	at org.openqa.selenium.remote.RemoteWebDriver.&lt;init&gt;(RemoteWebDriver.java:114)
                        	at org.openqa.selenium.firefox.FirefoxDriver.&lt;init&gt;(FirefoxDriver.java:193)
                        	at org.openqa.selenium.firefox.FirefoxDriver.&lt;init&gt;(FirefoxDriver.java:186)
                        	at org.openqa.selenium.firefox.FirefoxDriver.&lt;init&gt;(FirefoxDriver.java:182)
                        	at org.openqa.selenium.firefox.FirefoxDriver.&lt;init&gt;(FirefoxDriver.java:95)
                        	at tests.header.test(header.java:23)
                        	at sun.reflect.NativeMethodAccessorImpl.invoke0(Native Method)
                        	at sun.reflect.NativeMethodAccessorImpl.invoke(NativeMethodAccessorImpl.java:57)
                        	at sun.reflect.DelegatingMethodAccessorImpl.invoke(DelegatingMethodAccessorImpl.java:43)
                        	at java.lang.reflect.Method.invoke(Method.java:606)
                        	at org.testng.internal.MethodInvocationHelper.invokeMethod(MethodInvocationHelper.java:84)
                        	at org.testng.internal.Invoker.invokeMethod(Invoker.java:714)
                        	at org.testng.internal.Invoker.invokeTestMethod(Invoker.java:901)
                        	at org.testng.internal.Invoker.invokeTestMethods(Invoker.java:1231)
                        	at org.testng.internal.TestMethodWorker.invokeTestMethods(TestMethodWorker.java:127)
                        	at org.testng.internal.TestMethodWorker.run(TestMethodWorker.java:111)
                        	at org.testng.TestRunner.privateRun(TestRunner.java:767)
                        	at org.testng.TestRunner.run(TestRunner.java:617)
                        	at org.testng.SuiteRunner.runTest(SuiteRunner.java:334)
                        	at org.testng.SuiteRunner.runSequentially(SuiteRunner.java:329)
                        	at org.testng.SuiteRunner.privateRun(SuiteRunner.java:291)
                        	at org.testng.SuiteRunner.run(SuiteRunner.java:240)
                        	at org.testng.SuiteRunnerWorker.runSuite(SuiteRunnerWorker.java:52)
                        	at org.testng.SuiteRunnerWorker.run(SuiteRunnerWorker.java:86)
                        	at org.testng.TestNG.runSuitesSequentially(TestNG.java:1224)
                        	at org.testng.TestNG.runSuitesLocally(TestNG.java:1149)
                        	at org.testng.TestNG.run(TestNG.java:1057)
                        	at org.testng.TestNG.privateMain(TestNG.java:1364)
                        	at org.testng.TestNG.main(TestNG.java:1333)
                        Caused by: org.openqa.selenium.firefox.NotConnectedException: Unable to connect to host 127.0.0.1 on port 7055 after 45000
                        ms. Firefox console output:
                        p-system-local
                        1411131451137	addons.xpi	DEBUG	Skipping unavailable install location app-system-share
                        1411131451139	addons.xpi	INFO	Mapping {972ce4c6-7e08-4474-a285-3208198ce6fd} to C:\Program Files (x86)\Mozilla Firefox\browser\extensions\{972ce4c6-7e08-4474-a285-3208198ce6fd}
                        1411131451141	addons.xpi	INFO	Mapping fxdriver@googlecode.com to C:\Users\Nexii\AppData\Local\Temp\anonymous6930574533453344365webdriver-profile\extensions\fxdriver@googlecode.com
                        1411131451141	addons.xpi	DEBUG	Ignoring file entry whose name is not a valid add-on ID: C:\Users\Nexii\AppData\Local\Temp\anonymous6930574533453344365webdriver-profile\extensions\webdriver-staging
                        1411131451142	addons.xpi	DEBUG	checkForChanges
                        1411131451165	addons.xpi	DEBUG	Directory state JSON differs: cache [] state [{"name":"app-global","addons":{"{972ce4c6-7e08-4474-a285-3208198ce6fd}":{"descriptor":"C:\\Program
                        Files (x86)\\Mozilla Firefox\\browser\\extensions\\{972ce4c6-7e08-4474-a285-3208198ce6fd}","mtime":1410848404648,"rdfTime":1410848404071}}},{"name":"app-profile","addons":{"fxdriver@googlecode.com":{"descriptor":"C:\\Users\\Nexii\\AppData\\Local\\Temp\\anonymous6930574533453344365webdriver-profile\\extensions\\fxdriver@googlecode.com","mtime":1411131449780,"rdfTime":1411131449386}}}]
                        1411131451182	addons.xpi-utils	DEBUG	Opening XPI database C:\Users\Nexii\AppData\Local\Temp\anonymous6930574533453344365webdriver-profile\extensions.json
                        1411131451185	addons.xpi	DEBUG	New add-on fxdriver@googlecode.com installed in app-profile
                        *** Blocklist::_loadBlocklistFromFile: blocklist is disabled
                        1411131451400	addons.xpi-utils	DEBUG	Make addon app-profile:fxdriver@googlecode.com visible
                        1411131451405	DeferredSave.extensions.json	DEBUG	Save changes
                        1411131451406	DeferredSave.extensions.json	DEBUG	Save changes
                        1411131451407	addons.xpi	DEBUG	New add-on {972ce4c6-7e08-4474-a285-3208198ce6fd} installed in app-global
                        1411131451414	addons.xpi-utils	DEBUG	Make addon app-global:{972ce4c6-7e08-4474-a285-3208198ce6fd} visible
                        1411131451414	DeferredSave.extensions.json	DEBUG	Save changes
                        1411131451414	DeferredSave.extensions.json	DEBUG	Save changes
                        1411131451434	addons.xpi	DEBUG	Updating database with changes to installed add-ons
                        1411131451434	addons.xpi-utils	DEBUG	Updating add-on states
                        1411131451436	addons.xpi-utils	DEBUG	Writing add-ons list
                        1411131453942	DeferredSave.extensions.json	DEBUG	Starting timer
                        1411131453985	DeferredSave.extensions.json	DEBUG	Starting write
                        1411131454120	addons.manager	DEBUG	shutdown
                        1411131454128	addons.xpi	DEBUG	shutdown
                        1411131454129	addons.xpi-utils	DEBUG	shutdown
                        1411131454318	DeferredSave.extensions.json	DEBUG	Write succeeded
                        1411131454319	addons.xpi-utils	DEBUG	XPI Database saved, setting schema version preference to 16
                        1411131454320	addons.xpi	DEBUG	Notifying XPI shutdown observers
                        1411131454334	addons.manager	DEBUG	Async provider shutdown done
                        1411131455079	addons.manager	DEBUG	Loaded provider scope for resource://gre/modules/addons/XPIProvider.jsm: ["XPIProvider"]
                        1411131455087	addons.manager	DEBUG	Loaded provider scope for resource://gre/modules/LightweightThemeManager.jsm: ["LightweightThemeManager"]
                        1411131455098	addons.xpi	DEBUG	startup
                        1411131455101	addons.xpi	DEBUG	Skipping unavailable install location app-system-local
                        1411131455102	addons.xpi	DEBUG	Skipping unavailable install location app-system-share
                        1411131455104	addons.xpi	INFO	Mapping {972ce4c6-7e08-4474-a285-3208198ce6fd} to C:\Program Files (x86)\Mozilla Firefox\browser\extensions\{972ce4c6-7e08-4474-a285-3208198ce6fd}
                        1411131455107	addons.xpi	INFO	Mapping fxdriver@googlecode.com to C:\Users\Nexii\AppData\Local\Temp\anonymous6930574533453344365webdriver-profile\extensions\fxdriver@googlecode.com
                        1411131455108	addons.xpi	DEBUG	Ignoring file entry whose name is not a valid add-on ID: C:\Users\Nexii\AppData\Local\Temp\anonymous6930574533453344365webdriver-profile\extensions\webdriver-staging
                        1411131455108	addons.xpi	DEBUG	checkForChanges
                        1411131455142	addons.xpi	DEBUG	No changes found
                        *** Blocklist::_preloadBlocklistFile: blocklist is disabled
                        
                        	at org.openqa.selenium.firefox.internal.NewProfileExtensionConnection.start(NewProfileExtensionConnection.java:118)
                        	... 30 more
                     </pre>
                  </div>
               </td>
            </tr>
         </table>
      </div>
      <div id="testMethodsByClass" style="display: none;">
         <table class="testMethodsTable" cellpadding="0" cellspacing="0">
            <tr>
               <td colspan="4">
                  <h3 style="display: inline;">tests.header</h3>
               </td>
            </tr>
            <tr class="methodsTableHeader">
               <td width="100%">Name</td>
               <td nowrap="true">Started</td>
               <td nowrap="true">Duration</td>
               <td>Exception</td>
            </tr>
            <tr id="tests.header_test_byClass_FAIL1_row" class="testMethodStatusFAIL">
               <td width="100%" class="firstMethodCell">
                  <a onclick="toggleDetailsVisibility('tests.header_test_byClass_FAIL1_details')">test()</a>
               </td>
               <td nowrap="true">18:27:26</td>
               <td nowrap="true" align="right">54s
                  
               </td>
               <td nowrap="true">
                  <a onclick="toggleDetailsVisibility('tests.header_test_byClass_FAIL1_exception')">org.openqa.selenium.WebDriverException: 
                     Failed to connect to binary FirefoxBinary(C:\Program Files (x86)\Mozilla Firefox\firefox.exe) on port 7055; process output
                     follows: 
                     p-system-local
                     1411131451137	addons.xpi	DEBUG	Skipping unavailable install location app-system-share
                     1411131451139	addons.xpi	INFO	Mapping {972ce4c6-7e08-4474-a285-3208198ce6fd} to C:\Program Files (x86)\Mozilla Firefox\browser\extensions\{972ce4c6-7e08-4474-a285-3208198ce6fd}
                     1411131451141	addons.xpi	INFO	Mapping fxdriver@googlecode.com to C:\Users\Nexii\AppData\Local\Temp\anonymous6930574533453344365webdriver-profile\extensions\fxdriver@googlecode.com
                     1411131451141	addons.xpi	DEBUG	Ignoring file entry whose name is not a valid add-on ID: C:\Users\Nexii\AppData\Local\Temp\anonymous6930574533453344365webdriver-profile\extensions\webdriver-staging
                     1411131451142	addons.xpi	DEBUG	checkForChanges
                     1411131451165	addons.xpi	DEBUG	Directory state JSON differs: cache [] state [{"name":"app-global","addons":{"{972ce4c6-7e08-4474-a285-3208198ce6fd}":{"descriptor":"C:\\Program
                     Files (x86)\\Mozilla Firefox\\browser\\extensions\\{972ce4c6-7e08-4474-a285-3208198ce6fd}","mtime":1410848404648,"rdfTime":1410848404071}}},{"name":"app-profile","addons":{"fxdriver@googlecode.com":{"descriptor":"C:\\Users\\Nexii\\AppData\\Local\\Temp\\anonymous6930574533453344365webdriver-profile\\extensions\\fxdriver@googlecode.com","mtime":1411131449780,"rdfTime":1411131449386}}}]
                     1411131451182	addons.xpi-utils	DEBUG	Opening XPI database C:\Users\Nexii\AppData\Local\Temp\anonymous6930574533453344365webdriver-profile\extensions.json
                     1411131451185	addons.xpi	DEBUG	New add-on fxdriver@googlecode.com installed in app-profile
                     *** Blocklist::_loadBlocklistFromFile: blocklist is disabled
                     1411131451400	addons.xpi-utils	DEBUG	Make addon app-profile:fxdriver@googlecode.com visible
                     1411131451405	DeferredSave.extensions.json	DEBUG	Save changes
                     1411131451406	DeferredSave.extensions.json	DEBUG	Save changes
                     1411131451407	addons.xpi	DEBUG	New add-on {972ce4c6-7e08-4474-a285-3208198ce6fd} installed in app-global
                     1411131451414	addons.xpi-utils	DEBUG	Make addon app-global:{972ce4c6-7e08-4474-a285-3208198ce6fd} visible
                     1411131451414	DeferredSave.extensions.json	DEBUG	Save changes
                     1411131451414	DeferredSave.extensions.json	DEBUG	Save changes
                     1411131451434	addons.xpi	DEBUG	Updating database with changes to installed add-ons
                     1411131451434	addons.xpi-utils	DEBUG	Updating add-on states
                     1411131451436	addons.xpi-utils	DEBUG	Writing add-ons list
                     1411131453942	DeferredSave.extensions.json	DEBUG	Starting timer
                     1411131453985	DeferredSave.extensions.json	DEBUG	Starting write
                     1411131454120	addons.manager	DEBUG	shutdown
                     1411131454128	addons.xpi	DEBUG	shutdown
                     1411131454129	addons.xpi-utils	DEBUG	shutdown
                     1411131454318	DeferredSave.extensions.json	DEBUG	Write succeeded
                     1411131454319	addons.xpi-utils	DEBUG	XPI Database saved, setting schema version preference to 16
                     1411131454320	addons.xpi	DEBUG	Notifying XPI shutdown observers
                     1411131454334	addons.manager	DEBUG	Async provider shutdown done
                     1411131455079	addons.manager	DEBUG	Loaded provider scope for resource://gre/modules/addons/XPIProvider.jsm: ["XPIProvider"]
                     1411131455087	addons.manager	DEBUG	Loaded provider scope for resource://gre/modules/LightweightThemeManager.jsm: ["LightweightThemeManager"]
                     1411131455098	addons.xpi	DEBUG	startup
                     1411131455101	addons.xpi	DEBUG	Skipping unavailable install location app-system-local
                     1411131455102	addons.xpi	DEBUG	Skipping unavailable install location app-system-share
                     1411131455104	addons.xpi	INFO	Mapping {972ce4c6-7e08-4474-a285-3208198ce6fd} to C:\Program Files (x86)\Mozilla Firefox\browser\extensions\{972ce4c6-7e08-4474-a285-3208198ce6fd}
                     1411131455107	addons.xpi	INFO	Mapping fxdriver@googlecode.com to C:\Users\Nexii\AppData\Local\Temp\anonymous6930574533453344365webdriver-profile\extensions\fxdriver@googlecode.com
                     1411131455108	addons.xpi	DEBUG	Ignoring file entry whose name is not a valid add-on ID: C:\Users\Nexii\AppData\Local\Temp\anonymous6930574533453344365webdriver-profile\extensions\webdriver-staging
                     1411131455108	addons.xpi	DEBUG	checkForChanges
                     1411131455142	addons.xpi	DEBUG	No changes found
                     *** Blocklist::_preloadBlocklistFile: blocklist is disabled
                     
                     Build info: version: '2.42.2', revision: '6a6995d', time: '2014-06-03 17:42:03'
                     System info: host: 'TRAINING04', ip: '192.168.1.24', os.name: 'Windows 7', os.arch: 'x86', os.version: '6.1', java.version:
                     '1.7.0_55'
                     Driver info: driver.version: FirefoxDriver
                     
                  </a>
                   
                  
               </td>
            </tr>
            <tr>
               <td colspan="4" class="detailsBox">
                  <div id="tests.header_test_byClass_FAIL1_details" class="testMethodDetails">
                     <div>
                        <b>Name: </b>test
                     </div>
                     <div>
                        <b>Signature: </b>test()[pri:0, instance:tests.header@153b098]
                     </div>
                     <div>
                        <b>Start time: </b>18:27:26
                     </div>
                     <div>
                        <b>End time: </b>18:28:20
                     </div>
                     <div>
                        <b>Duration: </b>54s
                        
                     </div>
                  </div>
               </td>
            </tr>
            <tr>
               <td colspan="4" class="detailsBox">
                  <div id="tests.header_test_byClass_FAIL1_exception" class="testMethodDetails">
                     <pre style="padding: 5px; margin: 0;">org.openqa.selenium.WebDriverException: Failed to connect to binary FirefoxBinary(C:\Program Files (x86)\Mozilla Firefox\firefox.exe)
                        on port 7055; process output follows: 
                        p-system-local
                        1411131451137	addons.xpi	DEBUG	Skipping unavailable install location app-system-share
                        1411131451139	addons.xpi	INFO	Mapping {972ce4c6-7e08-4474-a285-3208198ce6fd} to C:\Program Files (x86)\Mozilla Firefox\browser\extensions\{972ce4c6-7e08-4474-a285-3208198ce6fd}
                        1411131451141	addons.xpi	INFO	Mapping fxdriver@googlecode.com to C:\Users\Nexii\AppData\Local\Temp\anonymous6930574533453344365webdriver-profile\extensions\fxdriver@googlecode.com
                        1411131451141	addons.xpi	DEBUG	Ignoring file entry whose name is not a valid add-on ID: C:\Users\Nexii\AppData\Local\Temp\anonymous6930574533453344365webdriver-profile\extensions\webdriver-staging
                        1411131451142	addons.xpi	DEBUG	checkForChanges
                        1411131451165	addons.xpi	DEBUG	Directory state JSON differs: cache [] state [{"name":"app-global","addons":{"{972ce4c6-7e08-4474-a285-3208198ce6fd}":{"descriptor":"C:\\Program
                        Files (x86)\\Mozilla Firefox\\browser\\extensions\\{972ce4c6-7e08-4474-a285-3208198ce6fd}","mtime":1410848404648,"rdfTime":1410848404071}}},{"name":"app-profile","addons":{"fxdriver@googlecode.com":{"descriptor":"C:\\Users\\Nexii\\AppData\\Local\\Temp\\anonymous6930574533453344365webdriver-profile\\extensions\\fxdriver@googlecode.com","mtime":1411131449780,"rdfTime":1411131449386}}}]
                        1411131451182	addons.xpi-utils	DEBUG	Opening XPI database C:\Users\Nexii\AppData\Local\Temp\anonymous6930574533453344365webdriver-profile\extensions.json
                        1411131451185	addons.xpi	DEBUG	New add-on fxdriver@googlecode.com installed in app-profile
                        *** Blocklist::_loadBlocklistFromFile: blocklist is disabled
                        1411131451400	addons.xpi-utils	DEBUG	Make addon app-profile:fxdriver@googlecode.com visible
                        1411131451405	DeferredSave.extensions.json	DEBUG	Save changes
                        1411131451406	DeferredSave.extensions.json	DEBUG	Save changes
                        1411131451407	addons.xpi	DEBUG	New add-on {972ce4c6-7e08-4474-a285-3208198ce6fd} installed in app-global
                        1411131451414	addons.xpi-utils	DEBUG	Make addon app-global:{972ce4c6-7e08-4474-a285-3208198ce6fd} visible
                        1411131451414	DeferredSave.extensions.json	DEBUG	Save changes
                        1411131451414	DeferredSave.extensions.json	DEBUG	Save changes
                        1411131451434	addons.xpi	DEBUG	Updating database with changes to installed add-ons
                        1411131451434	addons.xpi-utils	DEBUG	Updating add-on states
                        1411131451436	addons.xpi-utils	DEBUG	Writing add-ons list
                        1411131453942	DeferredSave.extensions.json	DEBUG	Starting timer
                        1411131453985	DeferredSave.extensions.json	DEBUG	Starting write
                        1411131454120	addons.manager	DEBUG	shutdown
                        1411131454128	addons.xpi	DEBUG	shutdown
                        1411131454129	addons.xpi-utils	DEBUG	shutdown
                        1411131454318	DeferredSave.extensions.json	DEBUG	Write succeeded
                        1411131454319	addons.xpi-utils	DEBUG	XPI Database saved, setting schema version preference to 16
                        1411131454320	addons.xpi	DEBUG	Notifying XPI shutdown observers
                        1411131454334	addons.manager	DEBUG	Async provider shutdown done
                        1411131455079	addons.manager	DEBUG	Loaded provider scope for resource://gre/modules/addons/XPIProvider.jsm: ["XPIProvider"]
                        1411131455087	addons.manager	DEBUG	Loaded provider scope for resource://gre/modules/LightweightThemeManager.jsm: ["LightweightThemeManager"]
                        1411131455098	addons.xpi	DEBUG	startup
                        1411131455101	addons.xpi	DEBUG	Skipping unavailable install location app-system-local
                        1411131455102	addons.xpi	DEBUG	Skipping unavailable install location app-system-share
                        1411131455104	addons.xpi	INFO	Mapping {972ce4c6-7e08-4474-a285-3208198ce6fd} to C:\Program Files (x86)\Mozilla Firefox\browser\extensions\{972ce4c6-7e08-4474-a285-3208198ce6fd}
                        1411131455107	addons.xpi	INFO	Mapping fxdriver@googlecode.com to C:\Users\Nexii\AppData\Local\Temp\anonymous6930574533453344365webdriver-profile\extensions\fxdriver@googlecode.com
                        1411131455108	addons.xpi	DEBUG	Ignoring file entry whose name is not a valid add-on ID: C:\Users\Nexii\AppData\Local\Temp\anonymous6930574533453344365webdriver-profile\extensions\webdriver-staging
                        1411131455108	addons.xpi	DEBUG	checkForChanges
                        1411131455142	addons.xpi	DEBUG	No changes found
                        *** Blocklist::_preloadBlocklistFile: blocklist is disabled
                        
                        Build info: version: '2.42.2', revision: '6a6995d', time: '2014-06-03 17:42:03'
                        System info: host: 'TRAINING04', ip: '192.168.1.24', os.name: 'Windows 7', os.arch: 'x86', os.version: '6.1', java.version:
                        '1.7.0_55'
                        Driver info: driver.version: FirefoxDriver
                        	at org.openqa.selenium.firefox.internal.NewProfileExtensionConnection.start(NewProfileExtensionConnection.java:130)
                        	at org.openqa.selenium.firefox.FirefoxDriver.startClient(FirefoxDriver.java:246)
                        	at org.openqa.selenium.remote.RemoteWebDriver.&lt;init&gt;(RemoteWebDriver.java:114)
                        	at org.openqa.selenium.firefox.FirefoxDriver.&lt;init&gt;(FirefoxDriver.java:193)
                        	at org.openqa.selenium.firefox.FirefoxDriver.&lt;init&gt;(FirefoxDriver.java:186)
                        	at org.openqa.selenium.firefox.FirefoxDriver.&lt;init&gt;(FirefoxDriver.java:182)
                        	at org.openqa.selenium.firefox.FirefoxDriver.&lt;init&gt;(FirefoxDriver.java:95)
                        	at tests.header.test(header.java:23)
                        	at sun.reflect.NativeMethodAccessorImpl.invoke0(Native Method)
                        	at sun.reflect.NativeMethodAccessorImpl.invoke(NativeMethodAccessorImpl.java:57)
                        	at sun.reflect.DelegatingMethodAccessorImpl.invoke(DelegatingMethodAccessorImpl.java:43)
                        	at java.lang.reflect.Method.invoke(Method.java:606)
                        	at org.testng.internal.MethodInvocationHelper.invokeMethod(MethodInvocationHelper.java:84)
                        	at org.testng.internal.Invoker.invokeMethod(Invoker.java:714)
                        	at org.testng.internal.Invoker.invokeTestMethod(Invoker.java:901)
                        	at org.testng.internal.Invoker.invokeTestMethods(Invoker.java:1231)
                        	at org.testng.internal.TestMethodWorker.invokeTestMethods(TestMethodWorker.java:127)
                        	at org.testng.internal.TestMethodWorker.run(TestMethodWorker.java:111)
                        	at org.testng.TestRunner.privateRun(TestRunner.java:767)
                        	at org.testng.TestRunner.run(TestRunner.java:617)
                        	at org.testng.SuiteRunner.runTest(SuiteRunner.java:334)
                        	at org.testng.SuiteRunner.runSequentially(SuiteRunner.java:329)
                        	at org.testng.SuiteRunner.privateRun(SuiteRunner.java:291)
                        	at org.testng.SuiteRunner.run(SuiteRunner.java:240)
                        	at org.testng.SuiteRunnerWorker.runSuite(SuiteRunnerWorker.java:52)
                        	at org.testng.SuiteRunnerWorker.run(SuiteRunnerWorker.java:86)
                        	at org.testng.TestNG.runSuitesSequentially(TestNG.java:1224)
                        	at org.testng.TestNG.runSuitesLocally(TestNG.java:1149)
                        	at org.testng.TestNG.run(TestNG.java:1057)
                        	at org.testng.TestNG.privateMain(TestNG.java:1364)
                        	at org.testng.TestNG.main(TestNG.java:1333)
                        Caused by: org.openqa.selenium.firefox.NotConnectedException: Unable to connect to host 127.0.0.1 on port 7055 after 45000
                        ms. Firefox console output:
                        p-system-local
                        1411131451137	addons.xpi	DEBUG	Skipping unavailable install location app-system-share
                        1411131451139	addons.xpi	INFO	Mapping {972ce4c6-7e08-4474-a285-3208198ce6fd} to C:\Program Files (x86)\Mozilla Firefox\browser\extensions\{972ce4c6-7e08-4474-a285-3208198ce6fd}
                        1411131451141	addons.xpi	INFO	Mapping fxdriver@googlecode.com to C:\Users\Nexii\AppData\Local\Temp\anonymous6930574533453344365webdriver-profile\extensions\fxdriver@googlecode.com
                        1411131451141	addons.xpi	DEBUG	Ignoring file entry whose name is not a valid add-on ID: C:\Users\Nexii\AppData\Local\Temp\anonymous6930574533453344365webdriver-profile\extensions\webdriver-staging
                        1411131451142	addons.xpi	DEBUG	checkForChanges
                        1411131451165	addons.xpi	DEBUG	Directory state JSON differs: cache [] state [{"name":"app-global","addons":{"{972ce4c6-7e08-4474-a285-3208198ce6fd}":{"descriptor":"C:\\Program
                        Files (x86)\\Mozilla Firefox\\browser\\extensions\\{972ce4c6-7e08-4474-a285-3208198ce6fd}","mtime":1410848404648,"rdfTime":1410848404071}}},{"name":"app-profile","addons":{"fxdriver@googlecode.com":{"descriptor":"C:\\Users\\Nexii\\AppData\\Local\\Temp\\anonymous6930574533453344365webdriver-profile\\extensions\\fxdriver@googlecode.com","mtime":1411131449780,"rdfTime":1411131449386}}}]
                        1411131451182	addons.xpi-utils	DEBUG	Opening XPI database C:\Users\Nexii\AppData\Local\Temp\anonymous6930574533453344365webdriver-profile\extensions.json
                        1411131451185	addons.xpi	DEBUG	New add-on fxdriver@googlecode.com installed in app-profile
                        *** Blocklist::_loadBlocklistFromFile: blocklist is disabled
                        1411131451400	addons.xpi-utils	DEBUG	Make addon app-profile:fxdriver@googlecode.com visible
                        1411131451405	DeferredSave.extensions.json	DEBUG	Save changes
                        1411131451406	DeferredSave.extensions.json	DEBUG	Save changes
                        1411131451407	addons.xpi	DEBUG	New add-on {972ce4c6-7e08-4474-a285-3208198ce6fd} installed in app-global
                        1411131451414	addons.xpi-utils	DEBUG	Make addon app-global:{972ce4c6-7e08-4474-a285-3208198ce6fd} visible
                        1411131451414	DeferredSave.extensions.json	DEBUG	Save changes
                        1411131451414	DeferredSave.extensions.json	DEBUG	Save changes
                        1411131451434	addons.xpi	DEBUG	Updating database with changes to installed add-ons
                        1411131451434	addons.xpi-utils	DEBUG	Updating add-on states
                        1411131451436	addons.xpi-utils	DEBUG	Writing add-ons list
                        1411131453942	DeferredSave.extensions.json	DEBUG	Starting timer
                        1411131453985	DeferredSave.extensions.json	DEBUG	Starting write
                        1411131454120	addons.manager	DEBUG	shutdown
                        1411131454128	addons.xpi	DEBUG	shutdown
                        1411131454129	addons.xpi-utils	DEBUG	shutdown
                        1411131454318	DeferredSave.extensions.json	DEBUG	Write succeeded
                        1411131454319	addons.xpi-utils	DEBUG	XPI Database saved, setting schema version preference to 16
                        1411131454320	addons.xpi	DEBUG	Notifying XPI shutdown observers
                        1411131454334	addons.manager	DEBUG	Async provider shutdown done
                        1411131455079	addons.manager	DEBUG	Loaded provider scope for resource://gre/modules/addons/XPIProvider.jsm: ["XPIProvider"]
                        1411131455087	addons.manager	DEBUG	Loaded provider scope for resource://gre/modules/LightweightThemeManager.jsm: ["LightweightThemeManager"]
                        1411131455098	addons.xpi	DEBUG	startup
                        1411131455101	addons.xpi	DEBUG	Skipping unavailable install location app-system-local
                        1411131455102	addons.xpi	DEBUG	Skipping unavailable install location app-system-share
                        1411131455104	addons.xpi	INFO	Mapping {972ce4c6-7e08-4474-a285-3208198ce6fd} to C:\Program Files (x86)\Mozilla Firefox\browser\extensions\{972ce4c6-7e08-4474-a285-3208198ce6fd}
                        1411131455107	addons.xpi	INFO	Mapping fxdriver@googlecode.com to C:\Users\Nexii\AppData\Local\Temp\anonymous6930574533453344365webdriver-profile\extensions\fxdriver@googlecode.com
                        1411131455108	addons.xpi	DEBUG	Ignoring file entry whose name is not a valid add-on ID: C:\Users\Nexii\AppData\Local\Temp\anonymous6930574533453344365webdriver-profile\extensions\webdriver-staging
                        1411131455108	addons.xpi	DEBUG	checkForChanges
                        1411131455142	addons.xpi	DEBUG	No changes found
                        *** Blocklist::_preloadBlocklistFile: blocklist is disabled
                        
                        	at org.openqa.selenium.firefox.internal.NewProfileExtensionConnection.start(NewProfileExtensionConnection.java:118)
                        	... 30 more
                     </pre>
                  </div>
               </td>
            </tr>
         </table>
         <br></br>
      </div>
      <div style="margin-top: 15px; color: gray; text-align: center; font-size: 9px;">
         Generated with
         
         <a href="http://code.google.com/p/testng-xslt/" style="color: #8888aa;"
            target="_blank">
            TestNG XSLT
            
         </a>
      </div>
   </body>
</html>