<?xml version="1.0" encoding="UTF-8"?>
<!-- Generated by org.testng.reporters.JUnitXMLReporter -->
<testsuite hostname="TRAINING04" name="facebook Test" tests="1" failures="0" timestamp="23 Sep 2014 12:30:02 GMT" time="53.17" errors="0">
  <testcase name="@BeforeMethod beforemethod" time="0.0" classname="tests.socialsites">
    <failure type="org.openqa.selenium.WebDriverException" message="Failed to connect to binary FirefoxBinary(C:\Program Files (x86)\Mozilla Firefox\firefox.exe) on port 7055; process output follows: 
ion app-system-local
1411475354038	addons.xpi	DEBUG	Skipping unavailable install location app-system-share
1411475354039	addons.xpi	INFO	Mapping {972ce4c6-7e08-4474-a285-3208198ce6fd} to C:\Program Files (x86)\Mozilla Firefox\browser\extensions\{972ce4c6-7e08-4474-a285-3208198ce6fd}
1411475354042	addons.xpi	INFO	Mapping fxdriver@googlecode.com to C:\Users\Nexii\AppData\Local\Temp\anonymous146761572136294714webdriver-profile\extensions\fxdriver@googlecode.com
1411475354042	addons.xpi	DEBUG	Ignoring file entry whose name is not a valid add-on ID: C:\Users\Nexii\AppData\Local\Temp\anonymous146761572136294714webdriver-profile\extensions\webdriver-staging
1411475354043	addons.xpi	DEBUG	checkForChanges
1411475354062	addons.xpi	DEBUG	Directory state JSON differs: cache [] state [{&amp;quot;name&amp;quot;:&amp;quot;app-global&amp;quot;,&amp;quot;addons&amp;quot;:{&amp;quot;{972ce4c6-7e08-4474-a285-3208198ce6fd}&amp;quot;:{&amp;quot;descriptor&amp;quot;:&amp;quot;C:\\Program Files (x86)\\Mozilla Firefox\\browser\\extensions\\{972ce4c6-7e08-4474-a285-3208198ce6fd}&amp;quot;,&amp;quot;mtime&amp;quot;:1411372514680,&amp;quot;rdfTime&amp;quot;:1411372514428}}},{&amp;quot;name&amp;quot;:&amp;quot;app-profile&amp;quot;,&amp;quot;addons&amp;quot;:{&amp;quot;fxdriver@googlecode.com&amp;quot;:{&amp;quot;descriptor&amp;quot;:&amp;quot;C:\\Users\\Nexii\\AppData\\Local\\Temp\\anonymous146761572136294714webdriver-profile\\extensions\\fxdriver@googlecode.com&amp;quot;,&amp;quot;mtime&amp;quot;:1411475353356,&amp;quot;rdfTime&amp;quot;:1411475352727}}}]
1411475354075	addons.xpi-utils	DEBUG	Opening XPI database C:\Users\Nexii\AppData\Local\Temp\anonymous146761572136294714webdriver-profile\extensions.json
1411475354077	addons.xpi	DEBUG	New add-on fxdriver@googlecode.com installed in app-profile
*** Blocklist::_loadBlocklistFromFile: blocklist is disabled
1411475354262	addons.xpi-utils	DEBUG	Make addon app-profile:fxdriver@googlecode.com visible
1411475354266	DeferredSave.extensions.json	DEBUG	Save changes
1411475354267	DeferredSave.extensions.json	DEBUG	Save changes
1411475354267	addons.xpi	DEBUG	New add-on {972ce4c6-7e08-4474-a285-3208198ce6fd} installed in app-global
1411475354273	addons.xpi-utils	DEBUG	Make addon app-global:{972ce4c6-7e08-4474-a285-3208198ce6fd} visible
1411475354273	DeferredSave.extensions.json	DEBUG	Save changes
1411475354273	DeferredSave.extensions.json	DEBUG	Save changes
1411475354289	addons.xpi	DEBUG	Updating database with changes to installed add-ons
1411475354289	addons.xpi-utils	DEBUG	Updating add-on states
1411475354290	addons.xpi-utils	DEBUG	Writing add-ons list
1411475356123	DeferredSave.extensions.json	DEBUG	Starting timer
1411475356160	DeferredSave.extensions.json	DEBUG	Starting write
1411475356263	addons.manager	DEBUG	shutdown
1411475356268	addons.xpi	DEBUG	shutdown
1411475356269	addons.xpi-utils	DEBUG	shutdown
1411475356427	DeferredSave.extensions.json	DEBUG	Write succeeded
1411475356427	addons.xpi-utils	DEBUG	XPI Database saved, setting schema version preference to 16
1411475356428	addons.xpi	DEBUG	Notifying XPI shutdown observers
1411475356436	addons.manager	DEBUG	Async provider shutdown done
1411475357112	addons.manager	DEBUG	Loaded provider scope for resource://gre/modules/addons/XPIProvider.jsm: [&amp;quot;XPIProvider&amp;quot;]
1411475357118	addons.manager	DEBUG	Loaded provider scope for resource://gre/modules/LightweightThemeManager.jsm: [&amp;quot;LightweightThemeManager&amp;quot;]
1411475357125	addons.xpi	DEBUG	startup
1411475357126	addons.xpi	DEBUG	Skipping unavailable install location app-system-local
1411475357127	addons.xpi	DEBUG	Skipping unavailable install location app-system-share
1411475357129	addons.xpi	INFO	Mapping {972ce4c6-7e08-4474-a285-3208198ce6fd} to C:\Program Files (x86)\Mozilla Firefox\browser\extensions\{972ce4c6-7e08-4474-a285-3208198ce6fd}
1411475357132	addons.xpi	INFO	Mapping fxdriver@googlecode.com to C:\Users\Nexii\AppData\Local\Temp\anonymous146761572136294714webdriver-profile\extensions\fxdriver@googlecode.com
1411475357133	addons.xpi	DEBUG	Ignoring file entry whose name is not a valid add-on ID: C:\Users\Nexii\AppData\Local\Temp\anonymous146761572136294714webdriver-profile\extensions\webdriver-staging
1411475357133	addons.xpi	DEBUG	checkForChanges
1411475357158	addons.xpi	DEBUG	No changes found
*** Blocklist::_preloadBlocklistFile: blocklist is disabled

Build info: version: &amp;apos;2.42.2&amp;apos;, revision: &amp;apos;6a6995d&amp;apos;, time: &amp;apos;2014-06-03 17:42:03&amp;apos;
System info: host: &amp;apos;TRAINING04&amp;apos;, ip: &amp;apos;192.168.1.14&amp;apos;, os.name: &amp;apos;Windows 7&amp;apos;, os.arch: &amp;apos;x86&amp;apos;, os.version: &amp;apos;6.1&amp;apos;, java.version: &amp;apos;1.7.0_55&amp;apos;
Driver info: driver.version: FirefoxDriver">
      <![CDATA[org.openqa.selenium.WebDriverException: Failed to connect to binary FirefoxBinary(C:\Program Files (x86)\Mozilla Firefox\firefox.exe) on port 7055; process output follows: 
ion app-system-local
1411475354038	addons.xpi	DEBUG	Skipping unavailable install location app-system-share
1411475354039	addons.xpi	INFO	Mapping {972ce4c6-7e08-4474-a285-3208198ce6fd} to C:\Program Files (x86)\Mozilla Firefox\browser\extensions\{972ce4c6-7e08-4474-a285-3208198ce6fd}
1411475354042	addons.xpi	INFO	Mapping fxdriver@googlecode.com to C:\Users\Nexii\AppData\Local\Temp\anonymous146761572136294714webdriver-profile\extensions\fxdriver@googlecode.com
1411475354042	addons.xpi	DEBUG	Ignoring file entry whose name is not a valid add-on ID: C:\Users\Nexii\AppData\Local\Temp\anonymous146761572136294714webdriver-profile\extensions\webdriver-staging
1411475354043	addons.xpi	DEBUG	checkForChanges
1411475354062	addons.xpi	DEBUG	Directory state JSON differs: cache [] state [{"name":"app-global","addons":{"{972ce4c6-7e08-4474-a285-3208198ce6fd}":{"descriptor":"C:\\Program Files (x86)\\Mozilla Firefox\\browser\\extensions\\{972ce4c6-7e08-4474-a285-3208198ce6fd}","mtime":1411372514680,"rdfTime":1411372514428}}},{"name":"app-profile","addons":{"fxdriver@googlecode.com":{"descriptor":"C:\\Users\\Nexii\\AppData\\Local\\Temp\\anonymous146761572136294714webdriver-profile\\extensions\\fxdriver@googlecode.com","mtime":1411475353356,"rdfTime":1411475352727}}}]
1411475354075	addons.xpi-utils	DEBUG	Opening XPI database C:\Users\Nexii\AppData\Local\Temp\anonymous146761572136294714webdriver-profile\extensions.json
1411475354077	addons.xpi	DEBUG	New add-on fxdriver@googlecode.com installed in app-profile
*** Blocklist::_loadBlocklistFromFile: blocklist is disabled
1411475354262	addons.xpi-utils	DEBUG	Make addon app-profile:fxdriver@googlecode.com visible
1411475354266	DeferredSave.extensions.json	DEBUG	Save changes
1411475354267	DeferredSave.extensions.json	DEBUG	Save changes
1411475354267	addons.xpi	DEBUG	New add-on {972ce4c6-7e08-4474-a285-3208198ce6fd} installed in app-global
1411475354273	addons.xpi-utils	DEBUG	Make addon app-global:{972ce4c6-7e08-4474-a285-3208198ce6fd} visible
1411475354273	DeferredSave.extensions.json	DEBUG	Save changes
1411475354273	DeferredSave.extensions.json	DEBUG	Save changes
1411475354289	addons.xpi	DEBUG	Updating database with changes to installed add-ons
1411475354289	addons.xpi-utils	DEBUG	Updating add-on states
1411475354290	addons.xpi-utils	DEBUG	Writing add-ons list
1411475356123	DeferredSave.extensions.json	DEBUG	Starting timer
1411475356160	DeferredSave.extensions.json	DEBUG	Starting write
1411475356263	addons.manager	DEBUG	shutdown
1411475356268	addons.xpi	DEBUG	shutdown
1411475356269	addons.xpi-utils	DEBUG	shutdown
1411475356427	DeferredSave.extensions.json	DEBUG	Write succeeded
1411475356427	addons.xpi-utils	DEBUG	XPI Database saved, setting schema version preference to 16
1411475356428	addons.xpi	DEBUG	Notifying XPI shutdown observers
1411475356436	addons.manager	DEBUG	Async provider shutdown done
1411475357112	addons.manager	DEBUG	Loaded provider scope for resource://gre/modules/addons/XPIProvider.jsm: ["XPIProvider"]
1411475357118	addons.manager	DEBUG	Loaded provider scope for resource://gre/modules/LightweightThemeManager.jsm: ["LightweightThemeManager"]
1411475357125	addons.xpi	DEBUG	startup
1411475357126	addons.xpi	DEBUG	Skipping unavailable install location app-system-local
1411475357127	addons.xpi	DEBUG	Skipping unavailable install location app-system-share
1411475357129	addons.xpi	INFO	Mapping {972ce4c6-7e08-4474-a285-3208198ce6fd} to C:\Program Files (x86)\Mozilla Firefox\browser\extensions\{972ce4c6-7e08-4474-a285-3208198ce6fd}
1411475357132	addons.xpi	INFO	Mapping fxdriver@googlecode.com to C:\Users\Nexii\AppData\Local\Temp\anonymous146761572136294714webdriver-profile\extensions\fxdriver@googlecode.com
1411475357133	addons.xpi	DEBUG	Ignoring file entry whose name is not a valid add-on ID: C:\Users\Nexii\AppData\Local\Temp\anonymous146761572136294714webdriver-profile\extensions\webdriver-staging
1411475357133	addons.xpi	DEBUG	checkForChanges
1411475357158	addons.xpi	DEBUG	No changes found
*** Blocklist::_preloadBlocklistFile: blocklist is disabled

Build info: version: '2.42.2', revision: '6a6995d', time: '2014-06-03 17:42:03'
System info: host: 'TRAINING04', ip: '192.168.1.14', os.name: 'Windows 7', os.arch: 'x86', os.version: '6.1', java.version: '1.7.0_55'
Driver info: driver.version: FirefoxDriver
	at org.openqa.selenium.firefox.internal.NewProfileExtensionConnection.start(NewProfileExtensionConnection.java:130)
	at org.openqa.selenium.firefox.FirefoxDriver.startClient(FirefoxDriver.java:246)
	at org.openqa.selenium.remote.RemoteWebDriver.<init>(RemoteWebDriver.java:114)
	at org.openqa.selenium.firefox.FirefoxDriver.<init>(FirefoxDriver.java:193)
	at org.openqa.selenium.firefox.FirefoxDriver.<init>(FirefoxDriver.java:186)
	at org.openqa.selenium.firefox.FirefoxDriver.<init>(FirefoxDriver.java:182)
	at org.openqa.selenium.firefox.FirefoxDriver.<init>(FirefoxDriver.java:95)
	at testutils.Helper.browserType(Helper.java:22)
	at tests.socialsites.beforemethod(socialsites.java:25)
Caused by: org.openqa.selenium.firefox.NotConnectedException: Unable to connect to host 127.0.0.1 on port 7055 after 45000 ms. Firefox console output:
ion app-system-local
1411475354038	addons.xpi	DEBUG	Skipping unavailable install location app-system-share
1411475354039	addons.xpi	INFO	Mapping {972ce4c6-7e08-4474-a285-3208198ce6fd} to C:\Program Files (x86)\Mozilla Firefox\browser\extensions\{972ce4c6-7e08-4474-a285-3208198ce6fd}
1411475354042	addons.xpi	INFO	Mapping fxdriver@googlecode.com to C:\Users\Nexii\AppData\Local\Temp\anonymous146761572136294714webdriver-profile\extensions\fxdriver@googlecode.com
1411475354042	addons.xpi	DEBUG	Ignoring file entry whose name is not a valid add-on ID: C:\Users\Nexii\AppData\Local\Temp\anonymous146761572136294714webdriver-profile\extensions\webdriver-staging
1411475354043	addons.xpi	DEBUG	checkForChanges
1411475354062	addons.xpi	DEBUG	Directory state JSON differs: cache [] state [{"name":"app-global","addons":{"{972ce4c6-7e08-4474-a285-3208198ce6fd}":{"descriptor":"C:\\Program Files (x86)\\Mozilla Firefox\\browser\\extensions\\{972ce4c6-7e08-4474-a285-3208198ce6fd}","mtime":1411372514680,"rdfTime":1411372514428}}},{"name":"app-profile","addons":{"fxdriver@googlecode.com":{"descriptor":"C:\\Users\\Nexii\\AppData\\Local\\Temp\\anonymous146761572136294714webdriver-profile\\extensions\\fxdriver@googlecode.com","mtime":1411475353356,"rdfTime":1411475352727}}}]
1411475354075	addons.xpi-utils	DEBUG	Opening XPI database C:\Users\Nexii\AppData\Local\Temp\anonymous146761572136294714webdriver-profile\extensions.json
1411475354077	addons.xpi	DEBUG	New add-on fxdriver@googlecode.com installed in app-profile
*** Blocklist::_loadBlocklistFromFile: blocklist is disabled
1411475354262	addons.xpi-utils	DEBUG	Make addon app-profile:fxdriver@googlecode.com visible
1411475354266	DeferredSave.extensions.json	DEBUG	Save changes
1411475354267	DeferredSave.extensions.json	DEBUG	Save changes
1411475354267	addons.xpi	DEBUG	New add-on {972ce4c6-7e08-4474-a285-3208198ce6fd} installed in app-global
1411475354273	addons.xpi-utils	DEBUG	Make addon app-global:{972ce4c6-7e08-4474-a285-3208198ce6fd} visible
1411475354273	DeferredSave.extensions.json	DEBUG	Save changes
1411475354273	DeferredSave.extensions.json	DEBUG	Save changes
1411475354289	addons.xpi	DEBUG	Updating database with changes to installed add-ons
1411475354289	addons.xpi-utils	DEBUG	Updating add-on states
1411475354290	addons.xpi-utils	DEBUG	Writing add-ons list
1411475356123	DeferredSave.extensions.json	DEBUG	Starting timer
1411475356160	DeferredSave.extensions.json	DEBUG	Starting write
1411475356263	addons.manager	DEBUG	shutdown
1411475356268	addons.xpi	DEBUG	shutdown
1411475356269	addons.xpi-utils	DEBUG	shutdown
1411475356427	DeferredSave.extensions.json	DEBUG	Write succeeded
1411475356427	addons.xpi-utils	DEBUG	XPI Database saved, setting schema version preference to 16
1411475356428	addons.xpi	DEBUG	Notifying XPI shutdown observers
1411475356436	addons.manager	DEBUG	Async provider shutdown done
1411475357112	addons.manager	DEBUG	Loaded provider scope for resource://gre/modules/addons/XPIProvider.jsm: ["XPIProvider"]
1411475357118	addons.manager	DEBUG	Loaded provider scope for resource://gre/modules/LightweightThemeManager.jsm: ["LightweightThemeManager"]
1411475357125	addons.xpi	DEBUG	startup
1411475357126	addons.xpi	DEBUG	Skipping unavailable install location app-system-local
1411475357127	addons.xpi	DEBUG	Skipping unavailable install location app-system-share
1411475357129	addons.xpi	INFO	Mapping {972ce4c6-7e08-4474-a285-3208198ce6fd} to C:\Program Files (x86)\Mozilla Firefox\browser\extensions\{972ce4c6-7e08-4474-a285-3208198ce6fd}
1411475357132	addons.xpi	INFO	Mapping fxdriver@googlecode.com to C:\Users\Nexii\AppData\Local\Temp\anonymous146761572136294714webdriver-profile\extensions\fxdriver@googlecode.com
1411475357133	addons.xpi	DEBUG	Ignoring file entry whose name is not a valid add-on ID: C:\Users\Nexii\AppData\Local\Temp\anonymous146761572136294714webdriver-profile\extensions\webdriver-staging
1411475357133	addons.xpi	DEBUG	checkForChanges
1411475357158	addons.xpi	DEBUG	No changes found
*** Blocklist::_preloadBlocklistFile: blocklist is disabled

	at org.openqa.selenium.firefox.internal.NewProfileExtensionConnection.start(NewProfileExtensionConnection.java:118)
	... 33 more
... Removed 25 stack frames]]>
    </failure>
  </testcase> <!-- @BeforeMethod beforemethod -->
  <testcase name="@AfterMethod aftermethod" time="0.0" classname="tests.socialsites">
    <skipped/>
  </testcase> <!-- @AfterMethod aftermethod -->
  <testcase name="test" time="0.0" classname="tests.socialsites">
    <skipped/>
  </testcase> <!-- test -->
</testsuite> <!-- facebook Test -->
