<?xml version="1.0" encoding="UTF-8"?>
<testng-results skipped="0" failed="0" total="1" passed="1">
  <reporter-output>
  </reporter-output>
  <suite name="Default suite" duration-ms="18945" started-at="2014-09-29T06:52:22Z" finished-at="2014-09-29T06:52:41Z">
    <groups>
    </groups>
    <test name="Default test" duration-ms="18945" started-at="2014-09-29T06:52:22Z" finished-at="2014-09-29T06:52:41Z">
      <class name="tests.cargotest">
        <test-method status="PASS" signature="intialize()[pri:0, instance:tests.cargotest@144426c]" name="intialize" is-config="true" duration-ms="28" started-at="2014-09-29T12:22:22Z" finished-at="2014-09-29T12:22:22Z">
          <reporter-output>
          </reporter-output>
        </test-method> <!-- intialize -->
        <test-method status="PASS" signature="beforemethod()[pri:0, instance:tests.cargotest@144426c]" name="beforemethod" is-config="true" duration-ms="14937" started-at="2014-09-29T12:22:22Z" finished-at="2014-09-29T12:22:37Z">
          <reporter-output>
          </reporter-output>
        </test-method> <!-- beforemethod -->
        <test-method status="PASS" signature="test()[pri:0, instance:tests.cargotest@144426c]" name="test" duration-ms="3973" started-at="2014-09-29T12:22:37Z" finished-at="2014-09-29T12:22:41Z">
          <reporter-output>
          </reporter-output>
        </test-method> <!-- test -->
      </class> <!-- tests.cargotest -->
    </test> <!-- Default test -->
  </suite> <!-- Default suite -->
</testng-results>
